<?xml version="1.0" encoding="UTF-8"?>
<coverage generated="1664438974093" clover="3.2.0">
  <project timestamp="1664438974093" name="All files">
    <metrics statements="63" coveredstatements="60" conditionals="12" coveredconditionals="10" methods="33" coveredmethods="29" elements="108" coveredelements="99" complexity="0" loc="63" ncloc="63" packages="2" files="10" classes="10"/>
    <package name="store">
      <metrics statements="44" coveredstatements="44" conditionals="2" coveredconditionals="2" methods="23" coveredmethods="23"/>
      <file name="api.js" path="/Users/archiemartin/Desktop/redux-starter/src/store/api.js">
        <metrics statements="3" coveredstatements="3" conditionals="0" coveredconditionals="0" methods="0" coveredmethods="0"/>
        <line num="3" count="3" type="stmt"/>
        <line num="4" count="3" type="stmt"/>
        <line num="5" count="3" type="stmt"/>
      </file>
      <file name="bugs.js" path="/Users/archiemartin/Desktop/redux-starter/src/store/bugs.js">
        <metrics statements="33" coveredstatements="33" conditionals="2" coveredconditionals="2" methods="20" coveredmethods="20"/>
        <line num="9" count="3" type="stmt"/>
        <line num="10" count="3" type="stmt"/>
        <line num="11" count="3" type="stmt"/>
        <line num="14" count="3" type="stmt"/>
        <line num="15" count="3" type="stmt"/>
        <line num="16" count="3" type="stmt"/>
        <line num="20" count="3" type="stmt"/>
        <line num="21" count="6" type="stmt"/>
        <line num="22" count="6" type="stmt"/>
        <line num="24" count="6" type="stmt"/>
        <line num="25" count="6" type="cond" truecount="2" falsecount="0"/>
        <line num="27" count="5" type="stmt"/>
        <line num="36" count="5" type="stmt"/>
        <line num="43" count="3" type="stmt"/>
        <line num="50" count="3" type="stmt"/>
        <line num="68" count="3" type="stmt"/>
        <line num="69" count="1" type="stmt"/>
        <line num="70" count="3" type="stmt"/>
        <line num="73" count="3" type="stmt"/>
        <line num="74" count="1" type="stmt"/>
        <line num="75" count="1" type="stmt"/>
        <line num="80" count="3" type="stmt"/>
        <line num="87" count="4" type="stmt"/>
        <line num="90" count="1" type="stmt"/>
        <line num="91" count="1" type="stmt"/>
        <line num="94" count="1" type="stmt"/>
        <line num="95" count="1" type="stmt"/>
        <line num="96" count="1" type="stmt"/>
        <line num="99" count="3" type="stmt"/>
        <line num="100" count="3" type="stmt"/>
        <line num="101" count="3" type="stmt"/>
        <line num="104" count="5" type="stmt"/>
        <line num="107" count="2" type="stmt"/>
      </file>
      <file name="entities.js" path="/Users/archiemartin/Desktop/redux-starter/src/store/entities.js">
        <metrics statements="0" coveredstatements="0" conditionals="0" coveredconditionals="0" methods="0" coveredmethods="0"/>
      </file>
      <file name="projects.js" path="/Users/archiemartin/Desktop/redux-starter/src/store/projects.js">
        <metrics statements="3" coveredstatements="3" conditionals="0" coveredconditionals="0" methods="1" coveredmethods="1"/>
        <line num="3" count="3" type="stmt"/>
        <line num="5" count="3" type="stmt"/>
        <line num="9" count="1" type="stmt"/>
      </file>
      <file name="reducer.js" path="/Users/archiemartin/Desktop/redux-starter/src/store/reducer.js">
        <metrics statements="0" coveredstatements="0" conditionals="0" coveredconditionals="0" methods="0" coveredmethods="0"/>
      </file>
      <file name="store.js" path="/Users/archiemartin/Desktop/redux-starter/src/store/store.js">
        <metrics statements="1" coveredstatements="1" conditionals="0" coveredconditionals="0" methods="1" coveredmethods="1"/>
        <line num="8" count="14" type="stmt"/>
      </file>
      <file name="users.js" path="/Users/archiemartin/Desktop/redux-starter/src/store/users.js">
        <metrics statements="4" coveredstatements="4" conditionals="0" coveredconditionals="0" methods="1" coveredmethods="1"/>
        <line num="7" count="3" type="stmt"/>
        <line num="9" count="3" type="stmt"/>
        <line num="14" count="1" type="stmt"/>
        <line num="23" count="3" type="stmt"/>
      </file>
    </package>
    <package name="store.middleware">
      <metrics statements="19" coveredstatements="16" conditionals="10" coveredconditionals="8" methods="10" coveredmethods="6"/>
      <file name="api.js" path="/Users/archiemartin/Desktop/redux-starter/src/store/middleware/api.js">
        <metrics statements="12" coveredstatements="12" conditionals="8" coveredconditionals="7" methods="3" coveredmethods="3"/>
        <line num="4" count="14" type="stmt"/>
        <line num="5" count="44" type="cond" truecount="2" falsecount="0"/>
        <line num="6" count="31" type="stmt"/>
        <line num="8" count="13" type="stmt"/>
        <line num="10" count="13" type="cond" truecount="2" falsecount="0"/>
        <line num="11" count="13" type="stmt"/>
        <line num="12" count="13" type="stmt"/>
        <line num="13" count="13" type="stmt"/>
        <line num="20" count="9" type="stmt"/>
        <line num="22" count="9" type="cond" truecount="1" falsecount="1"/>
        <line num="25" count="4" type="stmt"/>
        <line num="27" count="4" type="cond" truecount="2" falsecount="0"/>
      </file>
      <file name="logger.js" path="/Users/archiemartin/Desktop/redux-starter/src/store/middleware/logger.js">
        <metrics statements="3" coveredstatements="1" conditionals="0" coveredconditionals="0" methods="4" coveredmethods="0"/>
        <line num="1" count="3" type="stmt"/>
        <line num="2" count="0" type="stmt"/>
        <line num="3" count="0" type="stmt"/>
      </file>
      <file name="toast.js" path="/Users/archiemartin/Desktop/redux-starter/src/store/middleware/toast.js">
        <metrics statements="4" coveredstatements="3" conditionals="2" coveredconditionals="1" methods="3" coveredmethods="3"/>
        <line num="1" count="14" type="stmt"/>
        <line num="2" count="44" type="cond" truecount="1" falsecount="1"/>
        <line num="3" count="0" type="stmt"/>
        <line num="5" count="44" type="stmt"/>
      </file>
    </package>
  </project>
</coverage>
