{"/Users/archiemartin/Desktop/redux-starter/src/store/api.js": {"path":"/Users/archiemartin/Desktop/redux-starter/src/store/api.js","statementMap":{"0":{"start":{"line":3,"column":28},"end":{"line":3,"column":56}},"1":{"start":{"line":4,"column":30},"end":{"line":4,"column":60}},"2":{"start":{"line":5,"column":30},"end":{"line":5,"column":59}}},"fnMap":{},"branchMap":{},"s":{"0":1,"1":1,"2":1},"f":{},"b":{},"_coverageSchema":"1a1c01bbd47fc00a2c39e90264f33305004495a9","hash":"87a38e172d3556aabcec1063fa6bfd4a3a1b38c7"}
,"/Users/archiemartin/Desktop/redux-starter/src/store/bugs.js": {"path":"/Users/archiemartin/Desktop/redux-starter/src/store/bugs.js","statementMap":{"0":{"start":{"line":9,"column":24},"end":{"line":9,"column":48}},"1":{"start":{"line":10,"column":27},"end":{"line":10,"column":54}},"2":{"start":{"line":11,"column":33},"end":{"line":11,"column":66}},"3":{"start":{"line":14,"column":29},"end":{"line":14,"column":58}},"4":{"start":{"line":15,"column":28},"end":{"line":15,"column":56}},"5":{"start":{"line":16,"column":33},"end":{"line":16,"column":66}},"6":{"start":{"line":20,"column":12},"end":{"line":20,"column":19}},"7":{"start":{"line":21,"column":24},"end":{"line":33,"column":1}},"8":{"start":{"line":21,"column":30},"end":{"line":33,"column":1}},"9":{"start":{"line":22,"column":22},"end":{"line":22,"column":46}},"10":{"start":{"line":24,"column":24},"end":{"line":24,"column":67}},"11":{"start":{"line":25,"column":2},"end":{"line":25,"column":33}},"12":{"start":{"line":25,"column":26},"end":{"line":25,"column":33}},"13":{"start":{"line":27,"column":2},"end":{"line":32,"column":5}},"14":{"start":{"line":36,"column":22},"end":{"line":41,"column":2}},"15":{"start":{"line":36,"column":29},"end":{"line":41,"column":2}},"16":{"start":{"line":43,"column":26},"end":{"line":48,"column":2}},"17":{"start":{"line":43,"column":32},"end":{"line":48,"column":2}},"18":{"start":{"line":50,"column":31},"end":{"line":55,"column":2}},"19":{"start":{"line":50,"column":50},"end":{"line":55,"column":2}},"20":{"start":{"line":68,"column":33},"end":{"line":71,"column":1}},"21":{"start":{"line":69,"column":11},"end":{"line":69,"column":30}},"22":{"start":{"line":70,"column":10},"end":{"line":70,"column":48}},"23":{"start":{"line":70,"column":34},"end":{"line":70,"column":47}},"24":{"start":{"line":73,"column":29},"end":{"line":76,"column":1}},"25":{"start":{"line":73,"column":41},"end":{"line":76,"column":1}},"26":{"start":{"line":74,"column":11},"end":{"line":74,"column":30}},"27":{"start":{"line":75,"column":10},"end":{"line":75,"column":56}},"28":{"start":{"line":75,"column":34},"end":{"line":75,"column":55}},"29":{"start":{"line":80,"column":13},"end":{"line":80,"column":14}},"30":{"start":{"line":87,"column":4},"end":{"line":87,"column":35}},"31":{"start":{"line":90,"column":4},"end":{"line":90,"column":58}},"32":{"start":{"line":90,"column":29},"end":{"line":90,"column":57}},"33":{"start":{"line":94,"column":18},"end":{"line":94,"column":75}},"34":{"start":{"line":94,"column":46},"end":{"line":94,"column":74}},"35":{"start":{"line":95,"column":4},"end":{"line":95,"column":37}},"36":{"start":{"line":98,"column":33},"end":{"line":98,"column":47}},"37":{"start":{"line":99,"column":18},"end":{"line":99,"column":63}},"38":{"start":{"line":99,"column":46},"end":{"line":99,"column":62}},"39":{"start":{"line":100,"column":4},"end":{"line":100,"column":37}},"40":{"start":{"line":103,"column":3},"end":{"line":103,"column":29}},"41":{"start":{"line":104,"column":3},"end":{"line":104,"column":23}},"42":{"start":{"line":105,"column":3},"end":{"line":105,"column":30}},"43":{"start":{"line":108,"column":4},"end":{"line":108,"column":24}},"44":{"start":{"line":111,"column":4},"end":{"line":111,"column":24}}},"fnMap":{"0":{"name":"(anonymous_0)","decl":{"start":{"line":21,"column":24},"end":{"line":21,"column":25}},"loc":{"start":{"line":21,"column":30},"end":{"line":33,"column":1}},"line":21},"1":{"name":"(anonymous_1)","decl":{"start":{"line":21,"column":30},"end":{"line":21,"column":31}},"loc":{"start":{"line":21,"column":54},"end":{"line":33,"column":1}},"line":21},"2":{"name":"(anonymous_2)","decl":{"start":{"line":36,"column":22},"end":{"line":36,"column":23}},"loc":{"start":{"line":36,"column":29},"end":{"line":41,"column":2}},"line":36},"3":{"name":"(anonymous_3)","decl":{"start":{"line":43,"column":26},"end":{"line":43,"column":27}},"loc":{"start":{"line":43,"column":32},"end":{"line":48,"column":2}},"line":43},"4":{"name":"(anonymous_4)","decl":{"start":{"line":50,"column":31},"end":{"line":50,"column":32}},"loc":{"start":{"line":50,"column":50},"end":{"line":55,"column":2}},"line":50},"5":{"name":"(anonymous_5)","decl":{"start":{"line":69,"column":2},"end":{"line":69,"column":3}},"loc":{"start":{"line":69,"column":11},"end":{"line":69,"column":30}},"line":69},"6":{"name":"(anonymous_6)","decl":{"start":{"line":70,"column":2},"end":{"line":70,"column":3}},"loc":{"start":{"line":70,"column":10},"end":{"line":70,"column":48}},"line":70},"7":{"name":"(anonymous_7)","decl":{"start":{"line":70,"column":27},"end":{"line":70,"column":28}},"loc":{"start":{"line":70,"column":34},"end":{"line":70,"column":47}},"line":70},"8":{"name":"(anonymous_8)","decl":{"start":{"line":73,"column":29},"end":{"line":73,"column":30}},"loc":{"start":{"line":73,"column":41},"end":{"line":76,"column":1}},"line":73},"9":{"name":"(anonymous_9)","decl":{"start":{"line":74,"column":2},"end":{"line":74,"column":3}},"loc":{"start":{"line":74,"column":11},"end":{"line":74,"column":30}},"line":74},"10":{"name":"(anonymous_10)","decl":{"start":{"line":75,"column":2},"end":{"line":75,"column":3}},"loc":{"start":{"line":75,"column":10},"end":{"line":75,"column":56}},"line":75},"11":{"name":"(anonymous_11)","decl":{"start":{"line":75,"column":27},"end":{"line":75,"column":28}},"loc":{"start":{"line":75,"column":34},"end":{"line":75,"column":55}},"line":75},"12":{"name":"(anonymous_12)","decl":{"start":{"line":86,"column":12},"end":{"line":86,"column":13}},"loc":{"start":{"line":86,"column":31},"end":{"line":88,"column":3}},"line":86},"13":{"name":"(anonymous_13)","decl":{"start":{"line":89,"column":14},"end":{"line":89,"column":15}},"loc":{"start":{"line":89,"column":33},"end":{"line":92,"column":3}},"line":89},"14":{"name":"(anonymous_14)","decl":{"start":{"line":90,"column":22},"end":{"line":90,"column":23}},"loc":{"start":{"line":90,"column":29},"end":{"line":90,"column":57}},"line":90},"15":{"name":"(anonymous_15)","decl":{"start":{"line":93,"column":15},"end":{"line":93,"column":16}},"loc":{"start":{"line":93,"column":34},"end":{"line":96,"column":3}},"line":93},"16":{"name":"(anonymous_16)","decl":{"start":{"line":94,"column":39},"end":{"line":94,"column":40}},"loc":{"start":{"line":94,"column":46},"end":{"line":94,"column":74}},"line":94},"17":{"name":"(anonymous_17)","decl":{"start":{"line":97,"column":21},"end":{"line":97,"column":22}},"loc":{"start":{"line":97,"column":40},"end":{"line":101,"column":3}},"line":97},"18":{"name":"(anonymous_18)","decl":{"start":{"line":99,"column":39},"end":{"line":99,"column":40}},"loc":{"start":{"line":99,"column":46},"end":{"line":99,"column":62}},"line":99},"19":{"name":"(anonymous_19)","decl":{"start":{"line":102,"column":16},"end":{"line":102,"column":17}},"loc":{"start":{"line":102,"column":34},"end":{"line":106,"column":3}},"line":102},"20":{"name":"(anonymous_20)","decl":{"start":{"line":107,"column":17},"end":{"line":107,"column":18}},"loc":{"start":{"line":107,"column":35},"end":{"line":109,"column":3}},"line":107},"21":{"name":"(anonymous_21)","decl":{"start":{"line":110,"column":21},"end":{"line":110,"column":22}},"loc":{"start":{"line":110,"column":39},"end":{"line":112,"column":3}},"line":110}},"branchMap":{"0":{"loc":{"start":{"line":25,"column":2},"end":{"line":25,"column":33}},"type":"if","locations":[{"start":{"line":25,"column":2},"end":{"line":25,"column":33}},{"start":{},"end":{}}],"line":25}},"s":{"0":1,"1":1,"2":1,"3":1,"4":1,"5":1,"6":1,"7":1,"8":0,"9":0,"10":0,"11":0,"12":0,"13":0,"14":1,"15":2,"16":1,"17":0,"18":1,"19":0,"20":1,"21":0,"22":0,"23":0,"24":1,"25":0,"26":0,"27":0,"28":0,"29":1,"30":1,"31":0,"32":0,"33":0,"34":0,"35":0,"36":0,"37":0,"38":0,"39":0,"40":0,"41":0,"42":0,"43":0,"44":0},"f":{"0":0,"1":0,"2":2,"3":0,"4":0,"5":0,"6":0,"7":0,"8":0,"9":0,"10":0,"11":0,"12":1,"13":0,"14":0,"15":0,"16":0,"17":0,"18":0,"19":0,"20":0,"21":0},"b":{"0":[0,0]},"_coverageSchema":"1a1c01bbd47fc00a2c39e90264f33305004495a9","hash":"c932f4f49abf5b788426ce26266bed2550b31717"}
,"/Users/archiemartin/Desktop/redux-starter/src/store/entities.js": {"path":"/Users/archiemartin/Desktop/redux-starter/src/store/entities.js","statementMap":{},"fnMap":{},"branchMap":{},"s":{},"f":{},"b":{},"_coverageSchema":"1a1c01bbd47fc00a2c39e90264f33305004495a9","hash":"e4230245df7ef50cfe6d1b71e7087cb88fe7b645"}
,"/Users/archiemartin/Desktop/redux-starter/src/store/projects.js": {"path":"/Users/archiemartin/Desktop/redux-starter/src/store/projects.js","statementMap":{"0":{"start":{"line":3,"column":28},"end":{"line":3,"column":56}},"1":{"start":{"line":5,"column":13},"end":{"line":5,"column":14}},"2":{"start":{"line":9,"column":4},"end":{"line":12,"column":6}}},"fnMap":{"0":{"name":"(anonymous_0)","decl":{"start":{"line":8,"column":16},"end":{"line":8,"column":17}},"loc":{"start":{"line":8,"column":35},"end":{"line":13,"column":3}},"line":8}},"branchMap":{},"s":{"0":1,"1":1,"2":0},"f":{"0":0},"b":{},"_coverageSchema":"1a1c01bbd47fc00a2c39e90264f33305004495a9","hash":"4cb03597cea55bea7365a1ae921792b91bbfd245"}
,"/Users/archiemartin/Desktop/redux-starter/src/store/reducer.js": {"path":"/Users/archiemartin/Desktop/redux-starter/src/store/reducer.js","statementMap":{},"fnMap":{},"branchMap":{},"s":{},"f":{},"b":{},"_coverageSchema":"1a1c01bbd47fc00a2c39e90264f33305004495a9","hash":"246418c3967e95cb78dad45ca99ed0008c973832"}
,"/Users/archiemartin/Desktop/redux-starter/src/store/store.js": {"path":"/Users/archiemartin/Desktop/redux-starter/src/store/store.js","statementMap":{"0":{"start":{"line":8,"column":4},"end":{"line":16,"column":4}}},"fnMap":{"0":{"name":"(anonymous_0)","decl":{"start":{"line":7,"column":15},"end":{"line":7,"column":16}},"loc":{"start":{"line":7,"column":26},"end":{"line":17,"column":1}},"line":7}},"branchMap":{},"s":{"0":2},"f":{"0":2},"b":{},"_coverageSchema":"1a1c01bbd47fc00a2c39e90264f33305004495a9","hash":"0f13d4a06bbfc5f72a5736a840a55901a3b1e2ee"}
,"/Users/archiemartin/Desktop/redux-starter/src/store/users.js": {"path":"/Users/archiemartin/Desktop/redux-starter/src/store/users.js","statementMap":{"0":{"start":{"line":7,"column":13},"end":{"line":7,"column":14}},"1":{"start":{"line":9,"column":14},"end":{"line":20,"column":2}},"2":{"start":{"line":14,"column":6},"end":{"line":17,"column":8}},"3":{"start":{"line":23,"column":41},"end":{"line":23,"column":54}}},"fnMap":{"0":{"name":"(anonymous_0)","decl":{"start":{"line":13,"column":15},"end":{"line":13,"column":16}},"loc":{"start":{"line":13,"column":34},"end":{"line":18,"column":5}},"line":13}},"branchMap":{},"s":{"0":1,"1":1,"2":0,"3":1},"f":{"0":0},"b":{},"_coverageSchema":"1a1c01bbd47fc00a2c39e90264f33305004495a9","hash":"3a9110669d14bd413d08d5005d44bb34e15b145b"}
,"/Users/archiemartin/Desktop/redux-starter/src/store/middleware/api.js": {"path":"/Users/archiemartin/Desktop/redux-starter/src/store/middleware/api.js","statementMap":{"0":{"start":{"line":4,"column":12},"end":{"line":30,"column":1}},"1":{"start":{"line":4,"column":30},"end":{"line":30,"column":1}},"2":{"start":{"line":4,"column":38},"end":{"line":30,"column":1}},"3":{"start":{"line":5,"column":2},"end":{"line":29,"column":3}},"4":{"start":{"line":6,"column":4},"end":{"line":6,"column":23}},"5":{"start":{"line":8,"column":63},"end":{"line":8,"column":77}},"6":{"start":{"line":10,"column":4},"end":{"line":10,"column":44}},"7":{"start":{"line":10,"column":17},"end":{"line":10,"column":44}},"8":{"start":{"line":11,"column":4},"end":{"line":11,"column":16}},"9":{"start":{"line":12,"column":4},"end":{"line":28,"column":5}},"10":{"start":{"line":13,"column":23},"end":{"line":18,"column":8}},"11":{"start":{"line":20,"column":6},"end":{"line":20,"column":53}},"12":{"start":{"line":22,"column":6},"end":{"line":22,"column":73}},"13":{"start":{"line":22,"column":21},"end":{"line":22,"column":73}},"14":{"start":{"line":25,"column":6},"end":{"line":25,"column":52}},"15":{"start":{"line":27,"column":6},"end":{"line":27,"column":69}},"16":{"start":{"line":27,"column":19},"end":{"line":27,"column":69}}},"fnMap":{"0":{"name":"(anonymous_0)","decl":{"start":{"line":4,"column":12},"end":{"line":4,"column":13}},"loc":{"start":{"line":4,"column":30},"end":{"line":30,"column":1}},"line":4},"1":{"name":"(anonymous_1)","decl":{"start":{"line":4,"column":30},"end":{"line":4,"column":31}},"loc":{"start":{"line":4,"column":38},"end":{"line":30,"column":1}},"line":4},"2":{"name":"(anonymous_2)","decl":{"start":{"line":4,"column":38},"end":{"line":4,"column":39}},"loc":{"start":{"line":4,"column":54},"end":{"line":30,"column":1}},"line":4}},"branchMap":{"0":{"loc":{"start":{"line":5,"column":2},"end":{"line":29,"column":3}},"type":"if","locations":[{"start":{"line":5,"column":2},"end":{"line":29,"column":3}},{"start":{"line":7,"column":9},"end":{"line":29,"column":3}}],"line":5},"1":{"loc":{"start":{"line":10,"column":4},"end":{"line":10,"column":44}},"type":"if","locations":[{"start":{"line":10,"column":4},"end":{"line":10,"column":44}},{"start":{},"end":{}}],"line":10},"2":{"loc":{"start":{"line":22,"column":6},"end":{"line":22,"column":73}},"type":"if","locations":[{"start":{"line":22,"column":6},"end":{"line":22,"column":73}},{"start":{},"end":{}}],"line":22},"3":{"loc":{"start":{"line":27,"column":6},"end":{"line":27,"column":69}},"type":"if","locations":[{"start":{"line":27,"column":6},"end":{"line":27,"column":69}},{"start":{},"end":{}}],"line":27}},"s":{"0":1,"1":2,"2":2,"3":5,"4":3,"5":2,"6":2,"7":0,"8":2,"9":2,"10":2,"11":1,"12":1,"13":1,"14":1,"15":1,"16":0},"f":{"0":2,"1":2,"2":5},"b":{"0":[3,2],"1":[0,2],"2":[1,0],"3":[0,1]},"_coverageSchema":"1a1c01bbd47fc00a2c39e90264f33305004495a9","hash":"3c677aa0cfde0284c7e5b2c2267c94f88b3d1bbc"}
,"/Users/archiemartin/Desktop/redux-starter/src/store/middleware/logger.js": {"path":"/Users/archiemartin/Desktop/redux-starter/src/store/middleware/logger.js","statementMap":{"0":{"start":{"line":1,"column":15},"end":{"line":4,"column":1}},"1":{"start":{"line":1,"column":24},"end":{"line":4,"column":1}},"2":{"start":{"line":1,"column":33},"end":{"line":4,"column":1}},"3":{"start":{"line":1,"column":41},"end":{"line":4,"column":1}},"4":{"start":{"line":2,"column":2},"end":{"line":2,"column":32}},"5":{"start":{"line":3,"column":2},"end":{"line":3,"column":21}}},"fnMap":{"0":{"name":"(anonymous_0)","decl":{"start":{"line":1,"column":15},"end":{"line":1,"column":16}},"loc":{"start":{"line":1,"column":24},"end":{"line":4,"column":1}},"line":1},"1":{"name":"(anonymous_1)","decl":{"start":{"line":1,"column":24},"end":{"line":1,"column":25}},"loc":{"start":{"line":1,"column":33},"end":{"line":4,"column":1}},"line":1},"2":{"name":"(anonymous_2)","decl":{"start":{"line":1,"column":33},"end":{"line":1,"column":34}},"loc":{"start":{"line":1,"column":41},"end":{"line":4,"column":1}},"line":1},"3":{"name":"(anonymous_3)","decl":{"start":{"line":1,"column":41},"end":{"line":1,"column":42}},"loc":{"start":{"line":1,"column":51},"end":{"line":4,"column":1}},"line":1}},"branchMap":{},"s":{"0":1,"1":2,"2":2,"3":2,"4":5,"5":5},"f":{"0":2,"1":2,"2":2,"3":5},"b":{},"_coverageSchema":"1a1c01bbd47fc00a2c39e90264f33305004495a9","hash":"14469a9a168bf5fe365707fe5b81d995fc1bb14e"}
,"/Users/archiemartin/Desktop/redux-starter/src/store/middleware/toast.js": {"path":"/Users/archiemartin/Desktop/redux-starter/src/store/middleware/toast.js","statementMap":{"0":{"start":{"line":1,"column":14},"end":{"line":7,"column":1}},"1":{"start":{"line":1,"column":23},"end":{"line":7,"column":1}},"2":{"start":{"line":1,"column":31},"end":{"line":7,"column":1}},"3":{"start":{"line":2,"column":2},"end":{"line":6,"column":3}},"4":{"start":{"line":3,"column":4},"end":{"line":3,"column":54}},"5":{"start":{"line":5,"column":4},"end":{"line":5,"column":23}}},"fnMap":{"0":{"name":"(anonymous_0)","decl":{"start":{"line":1,"column":14},"end":{"line":1,"column":15}},"loc":{"start":{"line":1,"column":23},"end":{"line":7,"column":1}},"line":1},"1":{"name":"(anonymous_1)","decl":{"start":{"line":1,"column":23},"end":{"line":1,"column":24}},"loc":{"start":{"line":1,"column":31},"end":{"line":7,"column":1}},"line":1},"2":{"name":"(anonymous_2)","decl":{"start":{"line":1,"column":31},"end":{"line":1,"column":32}},"loc":{"start":{"line":1,"column":41},"end":{"line":7,"column":1}},"line":1}},"branchMap":{"0":{"loc":{"start":{"line":2,"column":2},"end":{"line":6,"column":3}},"type":"if","locations":[{"start":{"line":2,"column":2},"end":{"line":6,"column":3}},{"start":{"line":4,"column":9},"end":{"line":6,"column":3}}],"line":2}},"s":{"0":1,"1":2,"2":2,"3":5,"4":0,"5":5},"f":{"0":2,"1":2,"2":5},"b":{"0":[0,5]},"_coverageSchema":"1a1c01bbd47fc00a2c39e90264f33305004495a9","hash":"a30e5967c8629441f061b3e9822543a5b59d5442"}
}
