TN:
SF:src/store/api.js
FNF:0
FNH:0
DA:3,3
DA:4,3
DA:5,3
LF:3
LH:3
BRF:0
BRH:0
end_of_record
TN:
SF:src/store/bugs.js
FN:21,(anonymous_0)
FN:21,(anonymous_1)
FN:36,(anonymous_2)
FN:43,(anonymous_3)
FN:50,(anonymous_4)
FN:69,(anonymous_5)
FN:70,(anonymous_6)
FN:70,(anonymous_7)
FN:73,(anonymous_8)
FN:74,(anonymous_9)
FN:75,(anonymous_10)
FN:75,(anonymous_11)
FN:86,(anonymous_12)
FN:89,(anonymous_13)
FN:90,(anonymous_14)
FN:93,(anonymous_15)
FN:95,(anonymous_16)
FN:98,(anonymous_17)
FN:103,(anonymous_18)
FN:106,(anonymous_19)
FNF:20
FNH:20
FNDA:6,(anonymous_0)
FNDA:6,(anonymous_1)
FNDA:5,(anonymous_2)
FNDA:2,(anonymous_3)
FNDA:1,(anonymous_4)
FNDA:1,(anonymous_5)
FNDA:1,(anonymous_6)
FNDA:3,(anonymous_7)
FNDA:1,(anonymous_8)
FNDA:1,(anonymous_9)
FNDA:1,(anonymous_10)
FNDA:1,(anonymous_11)
FNDA:4,(anonymous_12)
FNDA:1,(anonymous_13)
FNDA:1,(anonymous_14)
FNDA:1,(anonymous_15)
FNDA:1,(anonymous_16)
FNDA:3,(anonymous_17)
FNDA:5,(anonymous_18)
FNDA:2,(anonymous_19)
DA:9,3
DA:10,3
DA:11,3
DA:14,3
DA:15,3
DA:16,3
DA:20,3
DA:21,6
DA:22,6
DA:24,6
DA:25,6
DA:27,5
DA:36,5
DA:43,3
DA:50,3
DA:68,3
DA:69,1
DA:70,3
DA:73,3
DA:74,1
DA:75,1
DA:80,3
DA:87,4
DA:90,1
DA:91,1
DA:94,1
DA:95,1
DA:96,1
DA:99,3
DA:100,3
DA:101,3
DA:104,5
DA:107,2
LF:33
LH:33
BRDA:25,0,0,1
BRDA:25,0,1,5
BRF:2
BRH:2
end_of_record
TN:
SF:src/store/entities.js
FNF:0
FNH:0
LF:0
LH:0
BRF:0
BRH:0
end_of_record
TN:
SF:src/store/projects.js
FN:8,(anonymous_0)
FNF:1
FNH:1
FNDA:1,(anonymous_0)
DA:3,3
DA:5,3
DA:9,1
LF:3
LH:3
BRF:0
BRH:0
end_of_record
TN:
SF:src/store/reducer.js
FNF:0
FNH:0
LF:0
LH:0
BRF:0
BRH:0
end_of_record
TN:
SF:src/store/store.js
FN:7,(anonymous_0)
FNF:1
FNH:1
FNDA:14,(anonymous_0)
DA:8,14
LF:1
LH:1
BRF:0
BRH:0
end_of_record
TN:
SF:src/store/users.js
FN:13,(anonymous_0)
FNF:1
FNH:1
FNDA:1,(anonymous_0)
DA:7,3
DA:9,3
DA:14,1
DA:23,3
LF:4
LH:4
BRF:0
BRH:0
end_of_record
TN:
SF:src/store/middleware/api.js
FN:4,(anonymous_0)
FN:4,(anonymous_1)
FN:4,(anonymous_2)
FNF:3
FNH:3
FNDA:14,(anonymous_0)
FNDA:14,(anonymous_1)
FNDA:44,(anonymous_2)
DA:4,14
DA:5,44
DA:6,31
DA:8,13
DA:10,13
DA:11,13
DA:12,13
DA:13,13
DA:20,9
DA:22,9
DA:25,4
DA:27,4
LF:12
LH:12
BRDA:5,0,0,31
BRDA:5,0,1,13
BRDA:10,1,0,5
BRDA:10,1,1,8
BRDA:22,2,0,9
BRDA:22,2,1,0
BRDA:27,3,0,2
BRDA:27,3,1,2
BRF:8
BRH:7
end_of_record
TN:
SF:src/store/middleware/logger.js
FN:1,(anonymous_0)
FN:1,(anonymous_1)
FN:1,(anonymous_2)
FN:1,(anonymous_3)
FNF:4
FNH:0
FNDA:0,(anonymous_0)
FNDA:0,(anonymous_1)
FNDA:0,(anonymous_2)
FNDA:0,(anonymous_3)
DA:1,3
DA:2,0
DA:3,0
LF:3
LH:1
BRF:0
BRH:0
end_of_record
TN:
SF:src/store/middleware/toast.js
FN:1,(anonymous_0)
FN:1,(anonymous_1)
FN:1,(anonymous_2)
FNF:3
FNH:3
FNDA:14,(anonymous_0)
FNDA:14,(anonymous_1)
FNDA:44,(anonymous_2)
DA:1,14
DA:2,44
DA:3,0
DA:5,44
LF:4
LH:3
BRDA:2,0,0,0
BRDA:2,0,1,44
BRF:2
BRH:1
end_of_record
