TN:
SF:src/store/api.js
FNF:0
FNH:0
DA:3,1
DA:4,1
DA:5,1
LF:3
LH:3
BRF:0
BRH:0
end_of_record
TN:
SF:src/store/bugs.js
FN:21,(anonymous_0)
FN:21,(anonymous_1)
FN:36,(anonymous_2)
FN:43,(anonymous_3)
FN:50,(anonymous_4)
FN:69,(anonymous_5)
FN:70,(anonymous_6)
FN:70,(anonymous_7)
FN:73,(anonymous_8)
FN:74,(anonymous_9)
FN:75,(anonymous_10)
FN:75,(anonymous_11)
FN:86,(anonymous_12)
FN:89,(anonymous_13)
FN:90,(anonymous_14)
FN:93,(anonymous_15)
FN:94,(anonymous_16)
FN:97,(anonymous_17)
FN:99,(anonymous_18)
FN:102,(anonymous_19)
FN:107,(anonymous_20)
FN:110,(anonymous_21)
FNF:22
FNH:2
FNDA:0,(anonymous_0)
FNDA:0,(anonymous_1)
FNDA:2,(anonymous_2)
FNDA:0,(anonymous_3)
FNDA:0,(anonymous_4)
FNDA:0,(anonymous_5)
FNDA:0,(anonymous_6)
FNDA:0,(anonymous_7)
FNDA:0,(anonymous_8)
FNDA:0,(anonymous_9)
FNDA:0,(anonymous_10)
FNDA:0,(anonymous_11)
FNDA:1,(anonymous_12)
FNDA:0,(anonymous_13)
FNDA:0,(anonymous_14)
FNDA:0,(anonymous_15)
FNDA:0,(anonymous_16)
FNDA:0,(anonymous_17)
FNDA:0,(anonymous_18)
FNDA:0,(anonymous_19)
FNDA:0,(anonymous_20)
FNDA:0,(anonymous_21)
DA:9,1
DA:10,1
DA:11,1
DA:14,1
DA:15,1
DA:16,1
DA:20,1
DA:21,1
DA:22,0
DA:24,0
DA:25,0
DA:27,0
DA:36,2
DA:43,1
DA:50,1
DA:68,1
DA:69,0
DA:70,0
DA:73,1
DA:74,0
DA:75,0
DA:80,1
DA:87,1
DA:90,0
DA:94,0
DA:95,0
DA:98,0
DA:99,0
DA:100,0
DA:103,0
DA:104,0
DA:105,0
DA:108,0
DA:111,0
LF:34
LH:15
BRDA:25,0,0,0
BRDA:25,0,1,0
BRF:2
BRH:0
end_of_record
TN:
SF:src/store/entities.js
FNF:0
FNH:0
LF:0
LH:0
BRF:0
BRH:0
end_of_record
TN:
SF:src/store/projects.js
FN:8,(anonymous_0)
FNF:1
FNH:0
FNDA:0,(anonymous_0)
DA:3,1
DA:5,1
DA:9,0
LF:3
LH:2
BRF:0
BRH:0
end_of_record
TN:
SF:src/store/reducer.js
FNF:0
FNH:0
LF:0
LH:0
BRF:0
BRH:0
end_of_record
TN:
SF:src/store/store.js
FN:7,(anonymous_0)
FNF:1
FNH:1
FNDA:2,(anonymous_0)
DA:8,2
LF:1
LH:1
BRF:0
BRH:0
end_of_record
TN:
SF:src/store/users.js
FN:13,(anonymous_0)
FNF:1
FNH:0
FNDA:0,(anonymous_0)
DA:7,1
DA:9,1
DA:14,0
DA:23,1
LF:4
LH:3
BRF:0
BRH:0
end_of_record
TN:
SF:src/store/middleware/api.js
FN:4,(anonymous_0)
FN:4,(anonymous_1)
FN:4,(anonymous_2)
FNF:3
FNH:3
FNDA:2,(anonymous_0)
FNDA:2,(anonymous_1)
FNDA:5,(anonymous_2)
DA:4,2
DA:5,5
DA:6,3
DA:8,2
DA:10,2
DA:11,2
DA:12,2
DA:13,2
DA:20,1
DA:22,1
DA:25,1
DA:27,1
LF:12
LH:12
BRDA:5,0,0,3
BRDA:5,0,1,2
BRDA:10,1,0,0
BRDA:10,1,1,2
BRDA:22,2,0,1
BRDA:22,2,1,0
BRDA:27,3,0,0
BRDA:27,3,1,1
BRF:8
BRH:5
end_of_record
TN:
SF:src/store/middleware/logger.js
FN:1,(anonymous_0)
FN:1,(anonymous_1)
FN:1,(anonymous_2)
FN:1,(anonymous_3)
FNF:4
FNH:4
FNDA:2,(anonymous_0)
FNDA:2,(anonymous_1)
FNDA:2,(anonymous_2)
FNDA:5,(anonymous_3)
DA:1,2
DA:2,5
DA:3,5
LF:3
LH:3
BRF:0
BRH:0
end_of_record
TN:
SF:src/store/middleware/toast.js
FN:1,(anonymous_0)
FN:1,(anonymous_1)
FN:1,(anonymous_2)
FNF:3
FNH:3
FNDA:2,(anonymous_0)
FNDA:2,(anonymous_1)
FNDA:5,(anonymous_2)
DA:1,2
DA:2,5
DA:3,0
DA:5,5
LF:4
LH:3
BRDA:2,0,0,0
BRDA:2,0,1,5
BRF:2
BRH:1
end_of_record
